<?xml version="1.0" encoding="UTF-8"?>
<!-- Generated by org.testng.reporters.JUnitXMLReporter -->
<testsuite hostname="DESKTOP-T371OBQ" ignored="11" name="TestonChrome" tests="2" failures="0" timestamp="2021-03-15T16:15:34 IST" time="62.173" errors="0">
  <testcase name="loginTest" time="15.089" classname="test.TestVeriday"/>
  <testcase name="DeleteGroup" time="29.34" classname="test.TestVeriday"/>
  <testcase name="CreateTeamUserTest" time="0.0" classname="test.TestVeriday">
    <ignored/>
  </testcase> <!-- CreateTeamUserTest -->
  <testcase name="ValidateDigitalWorkSpaceOptions" time="0.0" classname="test.TestVeriday">
    <ignored/>
  </testcase> <!-- ValidateDigitalWorkSpaceOptions -->
  <testcase name="CreateNewWebPageTest" time="0.0" classname="test.TestVeriday">
    <ignored/>
  </testcase> <!-- CreateNewWebPageTest -->
  <testcase name="ValidateAdminHQOptions" time="0.0" classname="test.TestVeriday">
    <ignored/>
  </testcase> <!-- ValidateAdminHQOptions -->
  <testcase name="CreatePrimaryUserTest" time="0.0" classname="test.TestVeriday">
    <ignored/>
  </testcase> <!-- CreatePrimaryUserTest -->
  <testcase name="ImpersonateUserTest" time="0.0" classname="test.TestVeriday">
    <ignored/>
  </testcase> <!-- ImpersonateUserTest -->
  <testcase name="SearchUserTest" time="0.0" classname="test.TestVeriday">
    <ignored/>
  </testcase> <!-- SearchUserTest -->
  <testcase name="CreateNewEventTest" time="0.0" classname="test.TestVeriday">
    <ignored/>
  </testcase> <!-- CreateNewEventTest -->
  <testcase name="CreateNewFormTest" time="0.0" classname="test.TestVeriday">
    <ignored/>
  </testcase> <!-- CreateNewFormTest -->
  <testcase name="CreateGroup" time="0.0" classname="test.TestVeriday">
    <ignored/>
  </testcase> <!-- CreateGroup -->
  <testcase name="ValidateHomePgaeOptions" time="0.0" classname="test.TestVeriday">
    <ignored/>
  </testcase> <!-- ValidateHomePgaeOptions -->
</testsuite> <!-- TestonChrome -->
