<?xml version="1.0" encoding="UTF-8"?>
<!-- Generated by org.testng.reporters.JUnitXMLReporter -->
<testsuite hostname="SUMIT-SONI" ignored="4" name="TestCRM" tests="4" failures="0" timestamp="01 Dec 2020 09:15:38 GMT" time="97.341" errors="0">
  <testcase name="loginTest" time="12.923" classname="test.TestVeriday"/>
  <testcase name="SearchUserTest" time="22.812" classname="test.TestVeriday"/>
  <testcase name="ImpersonateUserTest" time="1.852" classname="test.TestVeriday"/>
  <testcase name="CreateNewWebPageTest" time="46.589" classname="test.TestVeriday"/>
  <testcase name="CreateTeamUserTest" time="0.0" classname="test.TestVeriday">
    <ignored/>
  </testcase> <!-- CreateTeamUserTest -->
  <testcase name="CreatePrimaryUserTest" time="0.0" classname="test.TestVeriday">
    <ignored/>
  </testcase> <!-- CreatePrimaryUserTest -->
  <testcase name="CreateNewEventTest" time="0.0" classname="test.TestVeriday">
    <ignored/>
  </testcase> <!-- CreateNewEventTest -->
  <testcase name="CreateNewFormTest" time="0.0" classname="test.TestVeriday">
    <ignored/>
  </testcase> <!-- CreateNewFormTest -->
</testsuite> <!-- TestCRM -->
