<?xml version="1.0" encoding="UTF-8"?>
<!-- Generated by org.testng.reporters.JUnitXMLReporter -->
<testsuite hostname="DESKTOP-T371OBQ" ignored="7" name="TestonChrome" tests="2" failures="0" timestamp="2021-03-08T19:49:50 IST" time="120.681" errors="0">
  <testcase name="loginTest" time="14.702" classname="test.TestVeriday"/>
  <testcase name="ValidateHomePgaeOptions" time="88.956" classname="test.TestVeriday"/>
  <testcase name="CreateTeamUserTest" time="0.0" classname="test.TestVeriday">
    <ignored/>
  </testcase> <!-- CreateTeamUserTest -->
  <testcase name="CreateNewWebPageTest" time="0.0" classname="test.TestVeriday">
    <ignored/>
  </testcase> <!-- CreateNewWebPageTest -->
  <testcase name="CreatePrimaryUserTest" time="0.0" classname="test.TestVeriday">
    <ignored/>
  </testcase> <!-- CreatePrimaryUserTest -->
  <testcase name="ImpersonateUserTest" time="0.0" classname="test.TestVeriday">
    <ignored/>
  </testcase> <!-- ImpersonateUserTest -->
  <testcase name="SearchUserTest" time="0.0" classname="test.TestVeriday">
    <ignored/>
  </testcase> <!-- SearchUserTest -->
  <testcase name="CreateNewEventTest" time="0.0" classname="test.TestVeriday">
    <ignored/>
  </testcase> <!-- CreateNewEventTest -->
  <testcase name="CreateNewFormTest" time="0.0" classname="test.TestVeriday">
    <ignored/>
  </testcase> <!-- CreateNewFormTest -->
</testsuite> <!-- TestonChrome -->
