<?xml version="1.0" encoding="UTF-8"?>
<!-- Generated by org.testng.reporters.JUnitXMLReporter -->
<testsuite hostname="SUMIT-SONI" ignored="6" name="TestCRM" tests="2" failures="1" timestamp="30 Nov 2020 15:23:14 GMT" time="75.507" errors="0">
  <testcase name="loginTest" time="14.062" classname="test.TestVeriday"/>
  <testcase name="CreateNewFormTest" time="47.236" classname="test.TestVeriday">
    <failure type="java.lang.IllegalArgumentException" message="Keys to send should be a not null CharSequence">
      <![CDATA[java.lang.IllegalArgumentException: Keys to send should be a not null CharSequence
at org.openqa.selenium.remote.RemoteWebElement.sendKeys(RemoteWebElement.java:97)
at BasePage.BasePage.enterTextwithoutclear(BasePage.java:483)
at pages.DigitalWorkspacePage.setEmailRequire(DigitalWorkspacePage.java:142)
at pages.DigitalWorkspacePage.CreateNewForm(DigitalWorkspacePage.java:246)
at test.TestVeriday.CreateNewFormTest(TestVeriday.java:123)
... Removed 25 stack frames]]>
    </failure>
  </testcase> <!-- CreateNewFormTest -->
  <testcase name="CreateTeamUserTest" time="0.0" classname="test.TestVeriday">
    <ignored/>
  </testcase> <!-- CreateTeamUserTest -->
  <testcase name="CreateNewWebPageTest" time="0.0" classname="test.TestVeriday">
    <ignored/>
  </testcase> <!-- CreateNewWebPageTest -->
  <testcase name="CreatePrimaryUserTest" time="0.0" classname="test.TestVeriday">
    <ignored/>
  </testcase> <!-- CreatePrimaryUserTest -->
  <testcase name="ImpersonateUserTest" time="0.0" classname="test.TestVeriday">
    <ignored/>
  </testcase> <!-- ImpersonateUserTest -->
  <testcase name="SearchUserTest" time="0.0" classname="test.TestVeriday">
    <ignored/>
  </testcase> <!-- SearchUserTest -->
  <testcase name="CreateNewEventTest" time="0.0" classname="test.TestVeriday">
    <ignored/>
  </testcase> <!-- CreateNewEventTest -->
</testsuite> <!-- TestCRM -->
