<?xml version="1.0" encoding="UTF-8"?>
<!-- Generated by org.testng.reporters.JUnitXMLReporter -->
<testsuite hostname="SUMIT-SONI" ignored="6" name="TestCRM" tests="2" failures="0" timestamp="14 Dec 2020 08:04:57 GMT" time="114.135" errors="0">
  <testcase name="loginTest" time="17.845" classname="test.TestVeriday"/>
  <testcase name="CreateTeamUserTest" time="75.054" classname="test.TestVeriday"/>
  <testcase name="CreateNewWebPageTest" time="0.0" classname="test.TestVeriday">
    <ignored/>
  </testcase> <!-- CreateNewWebPageTest -->
  <testcase name="CreatePrimaryUserTest" time="0.0" classname="test.TestVeriday">
    <ignored/>
  </testcase> <!-- CreatePrimaryUserTest -->
  <testcase name="ImpersonateUserTest" time="0.0" classname="test.TestVeriday">
    <ignored/>
  </testcase> <!-- ImpersonateUserTest -->
  <testcase name="SearchUserTest" time="0.0" classname="test.TestVeriday">
    <ignored/>
  </testcase> <!-- SearchUserTest -->
  <testcase name="CreateNewEventTest" time="0.0" classname="test.TestVeriday">
    <ignored/>
  </testcase> <!-- CreateNewEventTest -->
  <testcase name="CreateNewFormTest" time="0.0" classname="test.TestVeriday">
    <ignored/>
  </testcase> <!-- CreateNewFormTest -->
</testsuite> <!-- TestCRM -->
