<?xml version="1.0" encoding="UTF-8"?>
<!-- Generated by org.testng.reporters.JUnitXMLReporter -->
<testsuite hostname="SUMIT-SONI" ignored="2" name="TestCRM" tests="6" failures="0" timestamp="28 Nov 2020 12:25:38 GMT" time="129.761" errors="0">
  <testcase name="loginTest" time="14.311" classname="test.TestVeriday"/>
  <testcase name="CreatePrimaryUserTest" time="39.992" classname="test.TestVeriday"/>
  <testcase name="CreateTeamUserTest" time="8.312" classname="test.TestVeriday"/>
  <testcase name="SearchUserTest" time="17.556" classname="test.TestVeriday"/>
  <testcase name="ImpersonateUserTest" time="1.833" classname="test.TestVeriday"/>
  <testcase name="CreateNewEventTest" time="34.053" classname="test.TestVeriday"/>
  <testcase name="CreateNewWebPageTest" time="0.0" classname="test.TestVeriday">
    <ignored/>
  </testcase> <!-- CreateNewWebPageTest -->
  <testcase name="CreateNewLinkedPageTest" time="0.0" classname="test.TestVeriday">
    <ignored/>
  </testcase> <!-- CreateNewLinkedPageTest -->
</testsuite> <!-- TestCRM -->
