<?xml version="1.0" encoding="UTF-8"?>
<testsuite xmlns:xsi="http://www.w3.org/2001/XMLSchema-instance" xsi:noNamespaceSchemaLocation="https://maven.apache.org/surefire/maven-surefire-plugin/xsd/surefire-test-report-3.0.xsd" version="3.0" name="TestSuite" time="130.358" tests="6" errors="0" skipped="0" failures="0">
  <properties>
[...]
</properties>
  <testcase name="loginTest" classname="test.TestVeriday" time="14.312"/>
  <testcase name="CreatePrimaryUserTest" classname="test.TestVeriday" time="39.993"/>
  <testcase name="CreateTeamUserTest" classname="test.TestVeriday" time="8.311"/>
  <testcase name="SearchUserTest" classname="test.TestVeriday" time="17.554"/>
  <testcase name="ImpersonateUserTest" classname="test.TestVeriday" time="1.834"/>
  <testcase name="CreateNewEventTest" classname="test.TestVeriday" time="34.053"/>
</testsuite>