<?xml version="1.0" encoding="UTF-8"?>
<testng-results skipped="0" failed="0" ignored="6" total="8" passed="2">
  <reporter-output>
  </reporter-output>
  <suite name="Suite" duration-ms="114135" started-at="2020-12-14T08:03:02Z" finished-at="2020-12-14T08:04:57Z">
    <groups>
      <group name="Regression">
        <method signature="TestVeriday.CreateTeamUserTest()[pri:2, instance:test.TestVeriday@439a8f59]" name="CreateTeamUserTest" class="test.TestVeriday"/>
        <method signature="TestVeriday.loginTest()[pri:0, instance:test.TestVeriday@439a8f59]" name="loginTest" class="test.TestVeriday"/>
      </group> <!-- Regression -->
    </groups>
    <test name="TestCRM" duration-ms="114135" started-at="2020-12-14T08:03:02Z" finished-at="2020-12-14T08:04:57Z">
      <class name="test.TestVeriday">
        <test-method status="PASS" signature="setExtent()[pri:0, instance:test.TestVeriday@439a8f59]" name="setExtent" is-config="true" duration-ms="440" started-at="2020-12-14T08:03:03Z" finished-at="2020-12-14T08:03:03Z">
          <reporter-output>
          </reporter-output>
        </test-method> <!-- setExtent -->
        <test-method status="PASS" signature="initializeTestBaseSetup(java.lang.String, java.lang.String, java.lang.String)[pri:0, instance:test.TestVeriday@439a8f59]" name="initializeTestBaseSetup" is-config="true" duration-ms="19925" started-at="2020-12-14T08:03:03Z" finished-at="2020-12-14T08:03:23Z">
          <params>
            <param index="0">
              <value>
                <![CDATA[chrome]]>
              </value>
            </param>
            <param index="1">
              <value>
                <![CDATA[http://node-1.nginx.portal.da-1.demo.qa.aws.veriday.net/login]]>
              </value>
            </param>
            <param index="2">
              <value>
                <![CDATA[log4j.properties]]>
              </value>
            </param>
          </params>
          <reporter-output>
          </reporter-output>
        </test-method> <!-- initializeTestBaseSetup -->
        <test-method status="PASS" signature="loginTest()[pri:0, instance:test.TestVeriday@439a8f59]" name="loginTest" duration-ms="17845" started-at="2020-12-14T08:03:23Z" description="verifying user is able to login page" finished-at="2020-12-14T08:03:41Z">
          <reporter-output>
          </reporter-output>
        </test-method> <!-- loginTest -->
        <test-method status="PASS" signature="tearDown(org.testng.ITestResult)[pri:0, instance:test.TestVeriday@439a8f59]" name="tearDown" is-config="true" duration-ms="7" started-at="2020-12-14T08:03:41Z" finished-at="2020-12-14T08:03:41Z">
          <params>
            <param index="0">
              <value>
                <![CDATA[[TestResult name=loginTest status=SUCCESS method=TestVeriday.loginTest()[pri:0, instance:test.TestVeriday@439a8f59] output={null}]]]>
              </value>
            </param>
          </params>
          <reporter-output>
          </reporter-output>
        </test-method> <!-- tearDown -->
        <test-method status="PASS" signature="CreateTeamUserTest()[pri:2, instance:test.TestVeriday@439a8f59]" name="CreateTeamUserTest" duration-ms="75054" started-at="2020-12-14T08:03:41Z" finished-at="2020-12-14T08:04:56Z">
          <reporter-output>
          </reporter-output>
        </test-method> <!-- CreateTeamUserTest -->
        <test-method status="PASS" signature="tearDown(org.testng.ITestResult)[pri:0, instance:test.TestVeriday@439a8f59]" name="tearDown" is-config="true" duration-ms="1" started-at="2020-12-14T08:04:56Z" finished-at="2020-12-14T08:04:56Z">
          <params>
            <param index="0">
              <value>
                <![CDATA[[TestResult name=CreateTeamUserTest status=SUCCESS method=TestVeriday.CreateTeamUserTest()[pri:2, instance:test.TestVeriday@439a8f59] output={null}]]]>
              </value>
            </param>
          </params>
          <reporter-output>
          </reporter-output>
        </test-method> <!-- tearDown -->
        <test-method status="PASS" signature="endReport()[pri:0, instance:test.TestVeriday@439a8f59]" name="endReport" is-config="true" duration-ms="505" started-at="2020-12-14T08:04:56Z" finished-at="2020-12-14T08:04:57Z">
          <reporter-output>
          </reporter-output>
        </test-method> <!-- endReport -->
      </class> <!-- test.TestVeriday -->
    </test> <!-- TestCRM -->
  </suite> <!-- Suite -->
</testng-results>
