<?xml version="1.0" encoding="UTF-8"?>
<testng-results skipped="0" failed="0" ignored="2" total="8" passed="6">
  <reporter-output>
  </reporter-output>
  <suite name="Suite" duration-ms="147414" started-at="2020-11-29T15:20:01Z" finished-at="2020-11-29T15:22:28Z">
    <groups>
      <group name="Regression">
        <method signature="TestVeriday.CreateNewEventTest()[pri:5, instance:test.TestVeriday@335eadca]" name="CreateNewEventTest" class="test.TestVeriday"/>
        <method signature="TestVeriday.CreatePrimaryUserTest()[pri:1, instance:test.TestVeriday@335eadca]" name="CreatePrimaryUserTest" class="test.TestVeriday"/>
        <method signature="TestVeriday.CreateTeamUserTest()[pri:2, instance:test.TestVeriday@335eadca]" name="CreateTeamUserTest" class="test.TestVeriday"/>
        <method signature="TestVeriday.ImpersonateUserTest()[pri:4, instance:test.TestVeriday@335eadca]" name="ImpersonateUserTest" class="test.TestVeriday"/>
        <method signature="TestVeriday.SearchUserTest()[pri:3, instance:test.TestVeriday@335eadca]" name="SearchUserTest" class="test.TestVeriday"/>
        <method signature="TestVeriday.loginTest()[pri:0, instance:test.TestVeriday@335eadca]" name="loginTest" class="test.TestVeriday"/>
      </group> <!-- Regression -->
    </groups>
    <test name="TestCRM" duration-ms="147414" started-at="2020-11-29T15:20:01Z" finished-at="2020-11-29T15:22:28Z">
      <class name="test.TestVeriday">
        <test-method status="PASS" signature="setExtent()[pri:0, instance:test.TestVeriday@335eadca]" name="setExtent" is-config="true" duration-ms="110" started-at="2020-11-29T15:20:01Z" finished-at="2020-11-29T15:20:01Z">
          <reporter-output>
          </reporter-output>
        </test-method> <!-- setExtent -->
        <test-method status="PASS" signature="initializeTestBaseSetup(java.lang.String, java.lang.String, java.lang.String)[pri:0, instance:test.TestVeriday@335eadca]" name="initializeTestBaseSetup" is-config="true" duration-ms="12766" started-at="2020-11-29T15:20:01Z" finished-at="2020-11-29T15:20:14Z">
          <params>
            <param index="0">
              <value>
                <![CDATA[chrome]]>
              </value>
            </param>
            <param index="1">
              <value>
                <![CDATA[http://node-1.nginx.portal.da-1.rbcus.qa.aws.veriday.net/login]]>
              </value>
            </param>
            <param index="2">
              <value>
                <![CDATA[log4j.properties]]>
              </value>
            </param>
          </params>
          <reporter-output>
          </reporter-output>
        </test-method> <!-- initializeTestBaseSetup -->
        <test-method status="PASS" signature="loginTest()[pri:0, instance:test.TestVeriday@335eadca]" name="loginTest" duration-ms="12589" started-at="2020-11-29T15:20:14Z" finished-at="2020-11-29T15:20:26Z">
          <reporter-output>
          </reporter-output>
        </test-method> <!-- loginTest -->
        <test-method status="PASS" signature="tearDown(org.testng.ITestResult)[pri:0, instance:test.TestVeriday@335eadca]" name="tearDown" is-config="true" duration-ms="4" started-at="2020-11-29T15:20:26Z" finished-at="2020-11-29T15:20:26Z">
          <params>
            <param index="0">
              <value>
                <![CDATA[[TestResult name=loginTest status=SUCCESS method=TestVeriday.loginTest()[pri:0, instance:test.TestVeriday@335eadca] output={null}]]]>
              </value>
            </param>
          </params>
          <reporter-output>
          </reporter-output>
        </test-method> <!-- tearDown -->
        <test-method status="PASS" signature="CreatePrimaryUserTest()[pri:1, instance:test.TestVeriday@335eadca]" name="CreatePrimaryUserTest" duration-ms="38330" started-at="2020-11-29T15:20:26Z" finished-at="2020-11-29T15:21:05Z">
          <reporter-output>
          </reporter-output>
        </test-method> <!-- CreatePrimaryUserTest -->
        <test-method status="PASS" signature="tearDown(org.testng.ITestResult)[pri:0, instance:test.TestVeriday@335eadca]" name="tearDown" is-config="true" duration-ms="0" started-at="2020-11-29T15:21:05Z" finished-at="2020-11-29T15:21:05Z">
          <params>
            <param index="0">
              <value>
                <![CDATA[[TestResult name=CreatePrimaryUserTest status=SUCCESS method=TestVeriday.CreatePrimaryUserTest()[pri:1, instance:test.TestVeriday@335eadca] output={null}]]]>
              </value>
            </param>
          </params>
          <reporter-output>
          </reporter-output>
        </test-method> <!-- tearDown -->
        <test-method status="PASS" signature="CreateTeamUserTest()[pri:2, instance:test.TestVeriday@335eadca]" name="CreateTeamUserTest" duration-ms="38961" started-at="2020-11-29T15:21:05Z" finished-at="2020-11-29T15:21:44Z">
          <reporter-output>
          </reporter-output>
        </test-method> <!-- CreateTeamUserTest -->
        <test-method status="PASS" signature="tearDown(org.testng.ITestResult)[pri:0, instance:test.TestVeriday@335eadca]" name="tearDown" is-config="true" duration-ms="0" started-at="2020-11-29T15:21:44Z" finished-at="2020-11-29T15:21:44Z">
          <params>
            <param index="0">
              <value>
                <![CDATA[[TestResult name=CreateTeamUserTest status=SUCCESS method=TestVeriday.CreateTeamUserTest()[pri:2, instance:test.TestVeriday@335eadca] output={null}]]]>
              </value>
            </param>
          </params>
          <reporter-output>
          </reporter-output>
        </test-method> <!-- tearDown -->
        <test-method status="PASS" signature="SearchUserTest()[pri:3, instance:test.TestVeriday@335eadca]" name="SearchUserTest" duration-ms="2565" started-at="2020-11-29T15:21:44Z" finished-at="2020-11-29T15:21:46Z">
          <reporter-output>
          </reporter-output>
        </test-method> <!-- SearchUserTest -->
        <test-method status="PASS" signature="tearDown(org.testng.ITestResult)[pri:0, instance:test.TestVeriday@335eadca]" name="tearDown" is-config="true" duration-ms="0" started-at="2020-11-29T15:21:46Z" finished-at="2020-11-29T15:21:46Z">
          <params>
            <param index="0">
              <value>
                <![CDATA[[TestResult name=SearchUserTest status=SUCCESS method=TestVeriday.SearchUserTest()[pri:3, instance:test.TestVeriday@335eadca] output={null}]]]>
              </value>
            </param>
          </params>
          <reporter-output>
          </reporter-output>
        </test-method> <!-- tearDown -->
        <test-method status="PASS" signature="ImpersonateUserTest()[pri:4, instance:test.TestVeriday@335eadca]" name="ImpersonateUserTest" duration-ms="1844" started-at="2020-11-29T15:21:46Z" finished-at="2020-11-29T15:21:48Z">
          <reporter-output>
          </reporter-output>
        </test-method> <!-- ImpersonateUserTest -->
        <test-method status="PASS" signature="tearDown(org.testng.ITestResult)[pri:0, instance:test.TestVeriday@335eadca]" name="tearDown" is-config="true" duration-ms="1" started-at="2020-11-29T15:21:48Z" finished-at="2020-11-29T15:21:48Z">
          <params>
            <param index="0">
              <value>
                <![CDATA[[TestResult name=ImpersonateUserTest status=SUCCESS method=TestVeriday.ImpersonateUserTest()[pri:4, instance:test.TestVeriday@335eadca] output={null}]]]>
              </value>
            </param>
          </params>
          <reporter-output>
          </reporter-output>
        </test-method> <!-- tearDown -->
        <test-method status="PASS" signature="CreateNewEventTest()[pri:5, instance:test.TestVeriday@335eadca]" name="CreateNewEventTest" duration-ms="39915" started-at="2020-11-29T15:21:48Z" finished-at="2020-11-29T15:22:28Z">
          <reporter-output>
          </reporter-output>
        </test-method> <!-- CreateNewEventTest -->
        <test-method status="PASS" signature="tearDown(org.testng.ITestResult)[pri:0, instance:test.TestVeriday@335eadca]" name="tearDown" is-config="true" duration-ms="0" started-at="2020-11-29T15:22:28Z" finished-at="2020-11-29T15:22:28Z">
          <params>
            <param index="0">
              <value>
                <![CDATA[[TestResult name=CreateNewEventTest status=SUCCESS method=TestVeriday.CreateNewEventTest()[pri:5, instance:test.TestVeriday@335eadca] output={null}]]]>
              </value>
            </param>
          </params>
          <reporter-output>
          </reporter-output>
        </test-method> <!-- tearDown -->
        <test-method status="PASS" signature="endReport()[pri:0, instance:test.TestVeriday@335eadca]" name="endReport" is-config="true" duration-ms="301" started-at="2020-11-29T15:22:28Z" finished-at="2020-11-29T15:22:28Z">
          <reporter-output>
          </reporter-output>
        </test-method> <!-- endReport -->
      </class> <!-- test.TestVeriday -->
    </test> <!-- TestCRM -->
  </suite> <!-- Suite -->
</testng-results>
